{"__type":"$$EventMessageAudit","id":"2f1522e5-9314-4c95-8142-d0c376cdc11a","ts":"2025-10-14T02:04:47.094+00:00","eventName":"n8n.audit.user.login.success","message":"n8n.audit.user.login.success","payload":{"authenticationMethod":"email","userId":"03ea7435-0792-4aed-a03e-479e7f445b27","_email":"tpdigitalconsulting@gmail.com","_firstName":"Tony","_lastName":"Pitwood","globalRole":"global:owner"}}
{"__type":"$$EventMessageConfirm","confirm":"2f1522e5-9314-4c95-8142-d0c376cdc11a","ts":"2025-10-14T02:04:47.161+00:00","source":{"id":"0","name":"eventBus"}}
{"__type":"$$EventMessageAudit","id":"262785b3-8777-4a2b-b225-054a3b0967b6","ts":"2025-10-14T02:23:26.619+00:00","eventName":"n8n.audit.workflow.created","message":"n8n.audit.workflow.created","payload":{"userId":"03ea7435-0792-4aed-a03e-479e7f445b27","_email":"tpdigitalconsulting@gmail.com","_firstName":"Tony","_lastName":"Pitwood","globalRole":"global:owner","workflowId":"sS8bK4rchfh3nldx","workflowName":"Security first workflow"}}
{"__type":"$$EventMessageConfirm","confirm":"262785b3-8777-4a2b-b225-054a3b0967b6","ts":"2025-10-14T02:23:26.619+00:00","source":{"id":"0","name":"eventBus"}}
{"__type":"$$EventMessageNode","id":"4fca3e57-32cb-4a1b-844f-591b59245583","ts":"2025-10-14T02:25:16.890+00:00","eventName":"n8n.node.started","message":"n8n.node.started","payload":{"executionId":"1","nodeName":"When clicking \"Test workflow\"","workflowId":"sS8bK4rchfh3nldx","workflowName":"Security first workflow","nodeType":"n8n-nodes-base.manualTrigger"}}
{"__type":"$$EventMessageConfirm","confirm":"4fca3e57-32cb-4a1b-844f-591b59245583","ts":"2025-10-14T02:25:16.890+00:00","source":{"id":"0","name":"eventBus"}}
{"__type":"$$EventMessageWorkflow","id":"6000eacf-3562-44cb-85b2-8fbf681939de","ts":"2025-10-14T02:25:16.892+00:00","eventName":"n8n.workflow.started","message":"n8n.workflow.started","payload":{"executionId":"1","isManual":false}}
{"__type":"$$EventMessageConfirm","confirm":"6000eacf-3562-44cb-85b2-8fbf681939de","ts":"2025-10-14T02:25:16.892+00:00","source":{"id":"0","name":"eventBus"}}
{"__type":"$$EventMessageNode","id":"0c7ae06c-e439-4eb5-bd08-00bb758f9c2c","ts":"2025-10-14T02:25:16.897+00:00","eventName":"n8n.node.finished","message":"n8n.node.finished","payload":{"executionId":"1","nodeName":"When clicking \"Test workflow\"","workflowId":"sS8bK4rchfh3nldx","workflowName":"Security first workflow","nodeType":"n8n-nodes-base.manualTrigger"}}
{"__type":"$$EventMessageConfirm","confirm":"0c7ae06c-e439-4eb5-bd08-00bb758f9c2c","ts":"2025-10-14T02:25:16.898+00:00","source":{"id":"0","name":"eventBus"}}
{"__type":"$$EventMessageNode","id":"bbb60e76-bbe4-4446-85a0-a700d37c3a76","ts":"2025-10-14T02:25:16.899+00:00","eventName":"n8n.node.started","message":"n8n.node.started","payload":{"executionId":"1","nodeName":"Set Filename","workflowId":"sS8bK4rchfh3nldx","workflowName":"Security first workflow","nodeType":"n8n-nodes-base.code"}}
{"__type":"$$EventMessageConfirm","confirm":"bbb60e76-bbe4-4446-85a0-a700d37c3a76","ts":"2025-10-14T02:25:16.899+00:00","source":{"id":"0","name":"eventBus"}}
{"__type":"$$EventMessageNode","id":"93591119-3126-4873-b10a-dccff50d86fe","ts":"2025-10-14T02:25:16.960+00:00","eventName":"n8n.node.finished","message":"n8n.node.finished","payload":{"executionId":"1","nodeName":"Set Filename","workflowId":"sS8bK4rchfh3nldx","workflowName":"Security first workflow","nodeType":"n8n-nodes-base.code"}}
{"__type":"$$EventMessageConfirm","confirm":"93591119-3126-4873-b10a-dccff50d86fe","ts":"2025-10-14T02:25:16.960+00:00","source":{"id":"0","name":"eventBus"}}
{"__type":"$$EventMessageWorkflow","id":"4774cafd-d009-47bc-b398-d8d04c17fb64","ts":"2025-10-14T02:25:17.071+00:00","eventName":"n8n.workflow.success","message":"n8n.workflow.success","payload":{"executionId":"1","success":true,"userId":"03ea7435-0792-4aed-a03e-479e7f445b27","workflowId":"sS8bK4rchfh3nldx","isManual":true,"workflowName":"Security first workflow"}}
{"__type":"$$EventMessageConfirm","confirm":"4774cafd-d009-47bc-b398-d8d04c17fb64","ts":"2025-10-14T02:25:17.071+00:00","source":{"id":"0","name":"eventBus"}}
{"__type":"$$EventMessageAudit","id":"94d9196a-c64b-41d0-a267-39c7cfa8194b","ts":"2025-10-14T02:26:13.800+00:00","eventName":"n8n.audit.workflow.updated","message":"n8n.audit.workflow.updated","payload":{"userId":"03ea7435-0792-4aed-a03e-479e7f445b27","_email":"tpdigitalconsulting@gmail.com","_firstName":"Tony","_lastName":"Pitwood","globalRole":"global:owner","workflowId":"sS8bK4rchfh3nldx","workflowName":"Security first workflow"}}
{"__type":"$$EventMessageConfirm","confirm":"94d9196a-c64b-41d0-a267-39c7cfa8194b","ts":"2025-10-14T02:26:13.800+00:00","source":{"id":"0","name":"eventBus"}}
{"__type":"$$EventMessageNode","id":"f9c54fe2-e4da-48a7-8bd8-c31cc82f3c1d","ts":"2025-10-14T02:33:04.698+00:00","eventName":"n8n.node.started","message":"n8n.node.started","payload":{"executionId":"2","nodeName":"HTTP Request","workflowId":"sS8bK4rchfh3nldx","workflowName":"Security first workflow","nodeType":"n8n-nodes-base.httpRequest"}}
{"__type":"$$EventMessageConfirm","confirm":"f9c54fe2-e4da-48a7-8bd8-c31cc82f3c1d","ts":"2025-10-14T02:33:04.699+00:00","source":{"id":"0","name":"eventBus"}}
{"__type":"$$EventMessageWorkflow","id":"f4a6d76a-9433-4e99-8712-a659a5a5bb32","ts":"2025-10-14T02:33:04.699+00:00","eventName":"n8n.workflow.started","message":"n8n.workflow.started","payload":{"executionId":"2","isManual":false}}
{"__type":"$$EventMessageConfirm","confirm":"f4a6d76a-9433-4e99-8712-a659a5a5bb32","ts":"2025-10-14T02:33:04.699+00:00","source":{"id":"0","name":"eventBus"}}
{"__type":"$$EventMessageNode","id":"edaeffbe-0ebb-459e-ae54-e538f5a5169e","ts":"2025-10-14T02:33:05.075+00:00","eventName":"n8n.node.finished","message":"n8n.node.finished","payload":{"executionId":"2","nodeName":"HTTP Request","workflowId":"sS8bK4rchfh3nldx","workflowName":"Security first workflow","nodeType":"n8n-nodes-base.httpRequest"}}
{"__type":"$$EventMessageConfirm","confirm":"edaeffbe-0ebb-459e-ae54-e538f5a5169e","ts":"2025-10-14T02:33:05.075+00:00","source":{"id":"0","name":"eventBus"}}
{"__type":"$$EventMessageWorkflow","id":"5faffccf-2deb-4ba9-9765-f320cc99fcca","ts":"2025-10-14T02:33:05.183+00:00","eventName":"n8n.workflow.success","message":"n8n.workflow.success","payload":{"executionId":"2","success":true,"userId":"03ea7435-0792-4aed-a03e-479e7f445b27","workflowId":"sS8bK4rchfh3nldx","isManual":true,"workflowName":"Security first workflow"}}
{"__type":"$$EventMessageConfirm","confirm":"5faffccf-2deb-4ba9-9765-f320cc99fcca","ts":"2025-10-14T02:33:05.183+00:00","source":{"id":"0","name":"eventBus"}}
{"__type":"$$EventMessageAudit","id":"6937e4b3-c42f-413f-ad8c-05c06c4f9087","ts":"2025-10-14T02:34:02.856+00:00","eventName":"n8n.audit.workflow.updated","message":"n8n.audit.workflow.updated","payload":{"userId":"03ea7435-0792-4aed-a03e-479e7f445b27","_email":"tpdigitalconsulting@gmail.com","_firstName":"Tony","_lastName":"Pitwood","globalRole":"global:owner","workflowId":"sS8bK4rchfh3nldx","workflowName":"Security first workflow"}}
{"__type":"$$EventMessageConfirm","confirm":"6937e4b3-c42f-413f-ad8c-05c06c4f9087","ts":"2025-10-14T02:34:02.856+00:00","source":{"id":"0","name":"eventBus"}}
{"__type":"$$EventMessageAudit","id":"80ba3b94-d806-4884-a881-ee419d8c7d8f","ts":"2025-10-14T08:38:49.043+00:00","eventName":"n8n.audit.workflow.updated","message":"n8n.audit.workflow.updated","payload":{"userId":"03ea7435-0792-4aed-a03e-479e7f445b27","_email":"tpdigitalconsulting@gmail.com","_firstName":"Tony","_lastName":"Pitwood","globalRole":"global:owner","workflowId":"sS8bK4rchfh3nldx","workflowName":"Security first workflow"}}
{"__type":"$$EventMessageConfirm","confirm":"80ba3b94-d806-4884-a881-ee419d8c7d8f","ts":"2025-10-14T08:38:49.047+00:00","source":{"id":"0","name":"eventBus"}}
{"__type":"$$EventMessageNode","id":"03576db4-0759-4b4b-bb19-d3dba6c16ff2","ts":"2025-10-14T08:58:26.245+00:00","eventName":"n8n.node.started","message":"n8n.node.started","payload":{"executionId":"3","nodeName":"Changelog","workflowId":"sS8bK4rchfh3nldx","workflowName":"Security first workflow","nodeType":"n8n-nodes-base.code"}}
{"__type":"$$EventMessageConfirm","confirm":"03576db4-0759-4b4b-bb19-d3dba6c16ff2","ts":"2025-10-14T08:58:26.246+00:00","source":{"id":"0","name":"eventBus"}}
{"__type":"$$EventMessageWorkflow","id":"2899c516-e83e-4e48-874a-1577bb183590","ts":"2025-10-14T08:58:26.247+00:00","eventName":"n8n.workflow.started","message":"n8n.workflow.started","payload":{"executionId":"3","isManual":false}}
{"__type":"$$EventMessageConfirm","confirm":"2899c516-e83e-4e48-874a-1577bb183590","ts":"2025-10-14T08:58:26.247+00:00","source":{"id":"0","name":"eventBus"}}
{"__type":"$$EventMessageNode","id":"925925e5-9fb5-44bb-82d5-0917e8a08af5","ts":"2025-10-14T08:58:26.309+00:00","eventName":"n8n.node.finished","message":"n8n.node.finished","payload":{"executionId":"3","nodeName":"Changelog","workflowId":"sS8bK4rchfh3nldx","workflowName":"Security first workflow","nodeType":"n8n-nodes-base.code"}}
{"__type":"$$EventMessageConfirm","confirm":"925925e5-9fb5-44bb-82d5-0917e8a08af5","ts":"2025-10-14T08:58:26.309+00:00","source":{"id":"0","name":"eventBus"}}
{"__type":"$$EventMessageWorkflow","id":"9465df05-50b6-4881-bb19-fcc380f43a93","ts":"2025-10-14T08:58:26.390+00:00","eventName":"n8n.workflow.success","message":"n8n.workflow.success","payload":{"executionId":"3","success":true,"userId":"03ea7435-0792-4aed-a03e-479e7f445b27","workflowId":"sS8bK4rchfh3nldx","isManual":true,"workflowName":"Security first workflow"}}
{"__type":"$$EventMessageConfirm","confirm":"9465df05-50b6-4881-bb19-fcc380f43a93","ts":"2025-10-14T08:58:26.391+00:00","source":{"id":"0","name":"eventBus"}}
{"__type":"$$EventMessageAudit","id":"f3a18f57-60a8-4c0d-bb83-9184606cd885","ts":"2025-10-14T09:04:16.523+00:00","eventName":"n8n.audit.workflow.updated","message":"n8n.audit.workflow.updated","payload":{"userId":"03ea7435-0792-4aed-a03e-479e7f445b27","_email":"tpdigitalconsulting@gmail.com","_firstName":"Tony","_lastName":"Pitwood","globalRole":"global:owner","workflowId":"sS8bK4rchfh3nldx","workflowName":"Security first workflow"}}
{"__type":"$$EventMessageConfirm","confirm":"f3a18f57-60a8-4c0d-bb83-9184606cd885","ts":"2025-10-14T09:04:16.523+00:00","source":{"id":"0","name":"eventBus"}}
{"__type":"$$EventMessageNode","id":"018834a5-3bbc-4029-b701-cb157444d812","ts":"2025-10-14T09:06:21.050+00:00","eventName":"n8n.node.started","message":"n8n.node.started","payload":{"executionId":"4","nodeName":"Comment Input","workflowId":"sS8bK4rchfh3nldx","workflowName":"Security first workflow","nodeType":"n8n-nodes-base.set"}}
{"__type":"$$EventMessageConfirm","confirm":"018834a5-3bbc-4029-b701-cb157444d812","ts":"2025-10-14T09:06:21.050+00:00","source":{"id":"0","name":"eventBus"}}
{"__type":"$$EventMessageWorkflow","id":"f102410d-21f5-4836-a415-b95bfb405f4e","ts":"2025-10-14T09:06:21.050+00:00","eventName":"n8n.workflow.started","message":"n8n.workflow.started","payload":{"executionId":"4","isManual":false}}
{"__type":"$$EventMessageConfirm","confirm":"f102410d-21f5-4836-a415-b95bfb405f4e","ts":"2025-10-14T09:06:21.051+00:00","source":{"id":"0","name":"eventBus"}}
{"__type":"$$EventMessageNode","id":"bc63ac1a-6b6e-43bd-a9a5-ae55c85f49b2","ts":"2025-10-14T05:06:21.115-04:00","eventName":"n8n.node.finished","message":"n8n.node.finished","payload":{"executionId":"4","nodeName":"Comment Input","workflowId":"sS8bK4rchfh3nldx","workflowName":"Security first workflow","nodeType":"n8n-nodes-base.set"}}
{"__type":"$$EventMessageConfirm","confirm":"bc63ac1a-6b6e-43bd-a9a5-ae55c85f49b2","ts":"2025-10-14T05:06:21.116-04:00","source":{"id":"0","name":"eventBus"}}
{"__type":"$$EventMessageWorkflow","id":"2dd7638b-3cea-4362-8a20-25c3a71a4cad","ts":"2025-10-14T05:06:21.216-04:00","eventName":"n8n.workflow.success","message":"n8n.workflow.success","payload":{"executionId":"4","success":true,"userId":"03ea7435-0792-4aed-a03e-479e7f445b27","workflowId":"sS8bK4rchfh3nldx","isManual":true,"workflowName":"Security first workflow"}}
{"__type":"$$EventMessageConfirm","confirm":"2dd7638b-3cea-4362-8a20-25c3a71a4cad","ts":"2025-10-14T05:06:21.217-04:00","source":{"id":"0","name":"eventBus"}}
{"__type":"$$EventMessageAudit","id":"3a5e62cd-7621-4cf0-86b6-50a9eff79543","ts":"2025-10-14T05:06:28.868-04:00","eventName":"n8n.audit.workflow.updated","message":"n8n.audit.workflow.updated","payload":{"userId":"03ea7435-0792-4aed-a03e-479e7f445b27","_email":"tpdigitalconsulting@gmail.com","_firstName":"Tony","_lastName":"Pitwood","globalRole":"global:owner","workflowId":"sS8bK4rchfh3nldx","workflowName":"Security first workflow"}}
{"__type":"$$EventMessageConfirm","confirm":"3a5e62cd-7621-4cf0-86b6-50a9eff79543","ts":"2025-10-14T05:06:28.869-04:00","source":{"id":"0","name":"eventBus"}}
{"__type":"$$EventMessageNode","id":"0f01005c-7cc7-420a-90f9-668492ce73ed","ts":"2025-10-14T05:06:48.679-04:00","eventName":"n8n.node.started","message":"n8n.node.started","payload":{"executionId":"5","nodeName":"Changelog","workflowId":"sS8bK4rchfh3nldx","workflowName":"Security first workflow","nodeType":"n8n-nodes-base.code"}}
{"__type":"$$EventMessageConfirm","confirm":"0f01005c-7cc7-420a-90f9-668492ce73ed","ts":"2025-10-14T05:06:48.680-04:00","source":{"id":"0","name":"eventBus"}}
{"__type":"$$EventMessageWorkflow","id":"11b85a5b-a664-4cf1-99da-c31c32277bf7","ts":"2025-10-14T05:06:48.680-04:00","eventName":"n8n.workflow.started","message":"n8n.workflow.started","payload":{"executionId":"5","isManual":false}}
{"__type":"$$EventMessageConfirm","confirm":"11b85a5b-a664-4cf1-99da-c31c32277bf7","ts":"2025-10-14T05:06:48.680-04:00","source":{"id":"0","name":"eventBus"}}
{"__type":"$$EventMessageNode","id":"4ff5e747-6c9d-47c4-9fbd-f7855a8f15c6","ts":"2025-10-14T05:06:48.696-04:00","eventName":"n8n.node.finished","message":"n8n.node.finished","payload":{"executionId":"5","nodeName":"Changelog","workflowId":"sS8bK4rchfh3nldx","workflowName":"Security first workflow","nodeType":"n8n-nodes-base.code"}}
{"__type":"$$EventMessageConfirm","confirm":"4ff5e747-6c9d-47c4-9fbd-f7855a8f15c6","ts":"2025-10-14T05:06:48.696-04:00","source":{"id":"0","name":"eventBus"}}
{"__type":"$$EventMessageWorkflow","id":"7ed78017-4e7f-4d5f-866d-b0d272b7581b","ts":"2025-10-14T05:06:48.778-04:00","eventName":"n8n.workflow.success","message":"n8n.workflow.success","payload":{"executionId":"5","success":true,"userId":"03ea7435-0792-4aed-a03e-479e7f445b27","workflowId":"sS8bK4rchfh3nldx","isManual":true,"workflowName":"Security first workflow"}}
{"__type":"$$EventMessageConfirm","confirm":"7ed78017-4e7f-4d5f-866d-b0d272b7581b","ts":"2025-10-14T05:06:48.778-04:00","source":{"id":"0","name":"eventBus"}}
{"__type":"$$EventMessageNode","id":"216a89f2-bf61-4816-a0ae-3fc00d52043c","ts":"2025-10-14T05:07:59.629-04:00","eventName":"n8n.node.started","message":"n8n.node.started","payload":{"executionId":"6","nodeName":"Changelog","workflowId":"sS8bK4rchfh3nldx","workflowName":"Security first workflow","nodeType":"n8n-nodes-base.code"}}
{"__type":"$$EventMessageConfirm","confirm":"216a89f2-bf61-4816-a0ae-3fc00d52043c","ts":"2025-10-14T05:07:59.629-04:00","source":{"id":"0","name":"eventBus"}}
{"__type":"$$EventMessageWorkflow","id":"202c2563-40d7-4f92-916a-72a5e3da6b0d","ts":"2025-10-14T05:07:59.630-04:00","eventName":"n8n.workflow.started","message":"n8n.workflow.started","payload":{"executionId":"6","isManual":false}}
{"__type":"$$EventMessageConfirm","confirm":"202c2563-40d7-4f92-916a-72a5e3da6b0d","ts":"2025-10-14T05:07:59.630-04:00","source":{"id":"0","name":"eventBus"}}
{"__type":"$$EventMessageNode","id":"ea12adf2-74e2-4d03-9aea-7497a13844ba","ts":"2025-10-14T05:07:59.655-04:00","eventName":"n8n.node.finished","message":"n8n.node.finished","payload":{"executionId":"6","nodeName":"Changelog","workflowId":"sS8bK4rchfh3nldx","workflowName":"Security first workflow","nodeType":"n8n-nodes-base.code"}}
{"__type":"$$EventMessageConfirm","confirm":"ea12adf2-74e2-4d03-9aea-7497a13844ba","ts":"2025-10-14T05:07:59.655-04:00","source":{"id":"0","name":"eventBus"}}
{"__type":"$$EventMessageWorkflow","id":"3c40d149-6669-47fb-b822-f45c231a8070","ts":"2025-10-14T05:07:59.736-04:00","eventName":"n8n.workflow.success","message":"n8n.workflow.success","payload":{"executionId":"6","success":true,"userId":"03ea7435-0792-4aed-a03e-479e7f445b27","workflowId":"sS8bK4rchfh3nldx","isManual":true,"workflowName":"Security first workflow"}}
{"__type":"$$EventMessageConfirm","confirm":"3c40d149-6669-47fb-b822-f45c231a8070","ts":"2025-10-14T05:07:59.737-04:00","source":{"id":"0","name":"eventBus"}}
{"__type":"$$EventMessageAudit","id":"0eb48d6a-4fbc-4e5e-bb0f-9a75743c68e4","ts":"2025-10-14T05:08:38.751-04:00","eventName":"n8n.audit.workflow.updated","message":"n8n.audit.workflow.updated","payload":{"userId":"03ea7435-0792-4aed-a03e-479e7f445b27","_email":"tpdigitalconsulting@gmail.com","_firstName":"Tony","_lastName":"Pitwood","globalRole":"global:owner","workflowId":"sS8bK4rchfh3nldx","workflowName":"Security first workflow"}}
{"__type":"$$EventMessageConfirm","confirm":"0eb48d6a-4fbc-4e5e-bb0f-9a75743c68e4","ts":"2025-10-14T05:08:38.751-04:00","source":{"id":"0","name":"eventBus"}}
{"__type":"$$EventMessageNode","id":"8e23d830-d711-4b94-926a-fc0378050ce5","ts":"2025-10-14T05:09:22.633-04:00","eventName":"n8n.node.started","message":"n8n.node.started","payload":{"executionId":"7","nodeName":"Comment Input","workflowId":"sS8bK4rchfh3nldx","workflowName":"Security first workflow","nodeType":"n8n-nodes-base.set"}}
{"__type":"$$EventMessageConfirm","confirm":"8e23d830-d711-4b94-926a-fc0378050ce5","ts":"2025-10-14T05:09:22.633-04:00","source":{"id":"0","name":"eventBus"}}
{"__type":"$$EventMessageWorkflow","id":"c9ef40fe-ed83-4bda-a3a2-28b774b99f58","ts":"2025-10-14T05:09:22.634-04:00","eventName":"n8n.workflow.started","message":"n8n.workflow.started","payload":{"executionId":"7","isManual":false}}
{"__type":"$$EventMessageConfirm","confirm":"c9ef40fe-ed83-4bda-a3a2-28b774b99f58","ts":"2025-10-14T05:09:22.634-04:00","source":{"id":"0","name":"eventBus"}}
{"__type":"$$EventMessageNode","id":"e67d4a47-ba8c-416d-884f-2d8a6e4c7316","ts":"2025-10-14T05:09:22.641-04:00","eventName":"n8n.node.finished","message":"n8n.node.finished","payload":{"executionId":"7","nodeName":"Comment Input","workflowId":"sS8bK4rchfh3nldx","workflowName":"Security first workflow","nodeType":"n8n-nodes-base.set"}}
{"__type":"$$EventMessageConfirm","confirm":"e67d4a47-ba8c-416d-884f-2d8a6e4c7316","ts":"2025-10-14T05:09:22.641-04:00","source":{"id":"0","name":"eventBus"}}
{"__type":"$$EventMessageWorkflow","id":"54a21c9a-8fe1-44f3-9e9b-0e90e764c814","ts":"2025-10-14T05:09:22.732-04:00","eventName":"n8n.workflow.success","message":"n8n.workflow.success","payload":{"executionId":"7","success":true,"userId":"03ea7435-0792-4aed-a03e-479e7f445b27","workflowId":"sS8bK4rchfh3nldx","isManual":true,"workflowName":"Security first workflow"}}
{"__type":"$$EventMessageConfirm","confirm":"54a21c9a-8fe1-44f3-9e9b-0e90e764c814","ts":"2025-10-14T05:09:22.732-04:00","source":{"id":"0","name":"eventBus"}}
{"__type":"$$EventMessageAudit","id":"4bfc483a-33d3-4cff-8390-a0473b667afd","ts":"2025-10-14T05:09:31.665-04:00","eventName":"n8n.audit.workflow.updated","message":"n8n.audit.workflow.updated","payload":{"userId":"03ea7435-0792-4aed-a03e-479e7f445b27","_email":"tpdigitalconsulting@gmail.com","_firstName":"Tony","_lastName":"Pitwood","globalRole":"global:owner","workflowId":"sS8bK4rchfh3nldx","workflowName":"Security first workflow"}}
{"__type":"$$EventMessageConfirm","confirm":"4bfc483a-33d3-4cff-8390-a0473b667afd","ts":"2025-10-14T05:09:31.665-04:00","source":{"id":"0","name":"eventBus"}}
{"__type":"$$EventMessageNode","id":"b7c43ca2-d02a-4d08-a8c0-34a2989ceebc","ts":"2025-10-14T05:09:36.199-04:00","eventName":"n8n.node.started","message":"n8n.node.started","payload":{"executionId":"8","nodeName":"Comment Input","workflowId":"sS8bK4rchfh3nldx","workflowName":"Security first workflow","nodeType":"n8n-nodes-base.set"}}
{"__type":"$$EventMessageConfirm","confirm":"b7c43ca2-d02a-4d08-a8c0-34a2989ceebc","ts":"2025-10-14T05:09:36.199-04:00","source":{"id":"0","name":"eventBus"}}
{"__type":"$$EventMessageWorkflow","id":"e02db23c-be94-4d9d-b062-efa6e66a0f6f","ts":"2025-10-14T05:09:36.199-04:00","eventName":"n8n.workflow.started","message":"n8n.workflow.started","payload":{"executionId":"8","isManual":false}}
{"__type":"$$EventMessageConfirm","confirm":"e02db23c-be94-4d9d-b062-efa6e66a0f6f","ts":"2025-10-14T05:09:36.199-04:00","source":{"id":"0","name":"eventBus"}}
{"__type":"$$EventMessageNode","id":"ef6b0785-1140-4bf9-8d24-05b737b26c21","ts":"2025-10-14T05:09:36.202-04:00","eventName":"n8n.node.finished","message":"n8n.node.finished","payload":{"executionId":"8","nodeName":"Comment Input","workflowId":"sS8bK4rchfh3nldx","workflowName":"Security first workflow","nodeType":"n8n-nodes-base.set"}}
{"__type":"$$EventMessageConfirm","confirm":"ef6b0785-1140-4bf9-8d24-05b737b26c21","ts":"2025-10-14T05:09:36.202-04:00","source":{"id":"0","name":"eventBus"}}
{"__type":"$$EventMessageWorkflow","id":"0c19356d-c00a-44db-b117-034ae0537940","ts":"2025-10-14T05:09:36.284-04:00","eventName":"n8n.workflow.success","message":"n8n.workflow.success","payload":{"executionId":"8","success":true,"userId":"03ea7435-0792-4aed-a03e-479e7f445b27","workflowId":"sS8bK4rchfh3nldx","isManual":true,"workflowName":"Security first workflow"}}
{"__type":"$$EventMessageConfirm","confirm":"0c19356d-c00a-44db-b117-034ae0537940","ts":"2025-10-14T05:09:36.284-04:00","source":{"id":"0","name":"eventBus"}}
{"__type":"$$EventMessageNode","id":"f28520b5-71b4-4180-8c52-1b6d5a8b7c60","ts":"2025-10-14T05:09:40.836-04:00","eventName":"n8n.node.started","message":"n8n.node.started","payload":{"executionId":"9","nodeName":"Changelog","workflowId":"sS8bK4rchfh3nldx","workflowName":"Security first workflow","nodeType":"n8n-nodes-base.code"}}
{"__type":"$$EventMessageConfirm","confirm":"f28520b5-71b4-4180-8c52-1b6d5a8b7c60","ts":"2025-10-14T05:09:40.836-04:00","source":{"id":"0","name":"eventBus"}}
{"__type":"$$EventMessageWorkflow","id":"643deb56-854b-4346-bff1-a298b516537e","ts":"2025-10-14T05:09:40.837-04:00","eventName":"n8n.workflow.started","message":"n8n.workflow.started","payload":{"executionId":"9","isManual":false}}
{"__type":"$$EventMessageConfirm","confirm":"643deb56-854b-4346-bff1-a298b516537e","ts":"2025-10-14T05:09:40.837-04:00","source":{"id":"0","name":"eventBus"}}
{"__type":"$$EventMessageNode","id":"f3d72fab-aa68-4cc4-b3aa-8855b4bdf6e3","ts":"2025-10-14T05:09:40.867-04:00","eventName":"n8n.node.finished","message":"n8n.node.finished","payload":{"executionId":"9","nodeName":"Changelog","workflowId":"sS8bK4rchfh3nldx","workflowName":"Security first workflow","nodeType":"n8n-nodes-base.code"}}
{"__type":"$$EventMessageConfirm","confirm":"f3d72fab-aa68-4cc4-b3aa-8855b4bdf6e3","ts":"2025-10-14T05:09:40.867-04:00","source":{"id":"0","name":"eventBus"}}
{"__type":"$$EventMessageWorkflow","id":"f1112712-14f6-4b69-a0fe-935f4d4f2086","ts":"2025-10-14T05:09:40.955-04:00","eventName":"n8n.workflow.success","message":"n8n.workflow.success","payload":{"executionId":"9","success":true,"userId":"03ea7435-0792-4aed-a03e-479e7f445b27","workflowId":"sS8bK4rchfh3nldx","isManual":true,"workflowName":"Security first workflow"}}
{"__type":"$$EventMessageConfirm","confirm":"f1112712-14f6-4b69-a0fe-935f4d4f2086","ts":"2025-10-14T05:09:40.956-04:00","source":{"id":"0","name":"eventBus"}}
{"__type":"$$EventMessageNode","id":"6702f682-52ee-4ce9-825e-a582ec97e65e","ts":"2025-10-14T05:21:21.743-04:00","eventName":"n8n.node.started","message":"n8n.node.started","payload":{"executionId":"10","nodeName":"Changelog","workflowId":"sS8bK4rchfh3nldx","workflowName":"Security first workflow","nodeType":"n8n-nodes-base.code"}}
{"__type":"$$EventMessageConfirm","confirm":"6702f682-52ee-4ce9-825e-a582ec97e65e","ts":"2025-10-14T05:21:21.744-04:00","source":{"id":"0","name":"eventBus"}}
{"__type":"$$EventMessageWorkflow","id":"cf169e55-309d-4679-89c6-b59363c7c350","ts":"2025-10-14T05:21:21.744-04:00","eventName":"n8n.workflow.started","message":"n8n.workflow.started","payload":{"executionId":"10","isManual":false}}
{"__type":"$$EventMessageConfirm","confirm":"cf169e55-309d-4679-89c6-b59363c7c350","ts":"2025-10-14T05:21:21.745-04:00","source":{"id":"0","name":"eventBus"}}
{"__type":"$$EventMessageNode","id":"4f1f7d72-bea8-4ea1-9926-05b0819e5f99","ts":"2025-10-14T05:21:21.770-04:00","eventName":"n8n.node.finished","message":"n8n.node.finished","payload":{"executionId":"10","nodeName":"Changelog","workflowId":"sS8bK4rchfh3nldx","workflowName":"Security first workflow","nodeType":"n8n-nodes-base.code"}}
{"__type":"$$EventMessageConfirm","confirm":"4f1f7d72-bea8-4ea1-9926-05b0819e5f99","ts":"2025-10-14T05:21:21.770-04:00","source":{"id":"0","name":"eventBus"}}
{"__type":"$$EventMessageWorkflow","id":"4f5b21b8-b189-4fa4-9814-836fab64d841","ts":"2025-10-14T05:21:21.867-04:00","eventName":"n8n.workflow.success","message":"n8n.workflow.success","payload":{"executionId":"10","success":true,"userId":"03ea7435-0792-4aed-a03e-479e7f445b27","workflowId":"sS8bK4rchfh3nldx","isManual":true,"workflowName":"Security first workflow"}}
{"__type":"$$EventMessageConfirm","confirm":"4f5b21b8-b189-4fa4-9814-836fab64d841","ts":"2025-10-14T05:21:21.867-04:00","source":{"id":"0","name":"eventBus"}}
{"__type":"$$EventMessageAudit","id":"dd44d412-2256-4b29-ac7d-ffbe2653a49b","ts":"2025-10-14T05:24:09.130-04:00","eventName":"n8n.audit.workflow.updated","message":"n8n.audit.workflow.updated","payload":{"userId":"03ea7435-0792-4aed-a03e-479e7f445b27","_email":"tpdigitalconsulting@gmail.com","_firstName":"Tony","_lastName":"Pitwood","globalRole":"global:owner","workflowId":"sS8bK4rchfh3nldx","workflowName":"Security first workflow"}}
{"__type":"$$EventMessageConfirm","confirm":"dd44d412-2256-4b29-ac7d-ffbe2653a49b","ts":"2025-10-14T05:24:09.131-04:00","source":{"id":"0","name":"eventBus"}}
{"__type":"$$EventMessageNode","id":"91096eee-55f8-4bc9-8b9a-860be1fb03f5","ts":"2025-10-14T05:31:33.387-04:00","eventName":"n8n.node.started","message":"n8n.node.started","payload":{"executionId":"11","nodeName":"HTTP Request1","workflowId":"sS8bK4rchfh3nldx","workflowName":"Security first workflow","nodeType":"n8n-nodes-base.httpRequest"}}
{"__type":"$$EventMessageConfirm","confirm":"91096eee-55f8-4bc9-8b9a-860be1fb03f5","ts":"2025-10-14T05:31:33.387-04:00","source":{"id":"0","name":"eventBus"}}
{"__type":"$$EventMessageWorkflow","id":"137ca56c-473d-4f68-99f4-d691b02c1d77","ts":"2025-10-14T05:31:33.388-04:00","eventName":"n8n.workflow.started","message":"n8n.workflow.started","payload":{"executionId":"11","isManual":false}}
{"__type":"$$EventMessageConfirm","confirm":"137ca56c-473d-4f68-99f4-d691b02c1d77","ts":"2025-10-14T05:31:33.389-04:00","source":{"id":"0","name":"eventBus"}}
{"__type":"$$EventMessageNode","id":"ee21eb19-5f52-428f-b252-117aa56125c2","ts":"2025-10-14T05:31:33.580-04:00","eventName":"n8n.node.finished","message":"n8n.node.finished","payload":{"executionId":"11","nodeName":"HTTP Request1","workflowId":"sS8bK4rchfh3nldx","workflowName":"Security first workflow","nodeType":"n8n-nodes-base.httpRequest"}}
{"__type":"$$EventMessageConfirm","confirm":"ee21eb19-5f52-428f-b252-117aa56125c2","ts":"2025-10-14T05:31:33.580-04:00","source":{"id":"0","name":"eventBus"}}
{"__type":"$$EventMessageWorkflow","id":"7c5b3421-555f-4042-b137-164504ccf19b","ts":"2025-10-14T05:31:33.696-04:00","eventName":"n8n.workflow.failed","message":"n8n.workflow.failed","payload":{"executionId":"11","success":false,"userId":"03ea7435-0792-4aed-a03e-479e7f445b27","workflowId":"sS8bK4rchfh3nldx","isManual":true,"workflowName":"Security first workflow","lastNodeExecuted":"HTTP Request1","errorNodeType":"n8n-nodes-base.httpRequest","errorNodeId":"5","errorMessage":"The service refused the connection - perhaps it is offline"}}
{"__type":"$$EventMessageConfirm","confirm":"7c5b3421-555f-4042-b137-164504ccf19b","ts":"2025-10-14T05:31:33.696-04:00","source":{"id":"0","name":"eventBus"}}
{"__type":"$$EventMessageAudit","id":"fbc5d13e-cf61-457d-828b-e57d5c2d661c","ts":"2025-10-14T05:37:44.302-04:00","eventName":"n8n.audit.workflow.updated","message":"n8n.audit.workflow.updated","payload":{"userId":"03ea7435-0792-4aed-a03e-479e7f445b27","_email":"tpdigitalconsulting@gmail.com","_firstName":"Tony","_lastName":"Pitwood","globalRole":"global:owner","workflowId":"sS8bK4rchfh3nldx","workflowName":"Security first workflow"}}
{"__type":"$$EventMessageConfirm","confirm":"fbc5d13e-cf61-457d-828b-e57d5c2d661c","ts":"2025-10-14T05:37:44.303-04:00","source":{"id":"0","name":"eventBus"}}
{"__type":"$$EventMessageNode","id":"1cd8c81e-3c7d-4ddb-b25b-048260fc7fb0","ts":"2025-10-14T05:37:49.709-04:00","eventName":"n8n.node.started","message":"n8n.node.started","payload":{"executionId":"12","nodeName":"HTTP Request1","workflowId":"sS8bK4rchfh3nldx","workflowName":"Security first workflow","nodeType":"n8n-nodes-base.httpRequest"}}
{"__type":"$$EventMessageConfirm","confirm":"1cd8c81e-3c7d-4ddb-b25b-048260fc7fb0","ts":"2025-10-14T05:37:49.709-04:00","source":{"id":"0","name":"eventBus"}}
{"__type":"$$EventMessageWorkflow","id":"8e34b011-f833-4475-aa40-ad0345b68118","ts":"2025-10-14T05:37:49.710-04:00","eventName":"n8n.workflow.started","message":"n8n.workflow.started","payload":{"executionId":"12","isManual":false}}
{"__type":"$$EventMessageConfirm","confirm":"8e34b011-f833-4475-aa40-ad0345b68118","ts":"2025-10-14T05:37:49.710-04:00","source":{"id":"0","name":"eventBus"}}
{"__type":"$$EventMessageNode","id":"e07ee5c8-80f5-4c73-9518-e43aa346e4af","ts":"2025-10-14T05:37:49.719-04:00","eventName":"n8n.node.finished","message":"n8n.node.finished","payload":{"executionId":"12","nodeName":"HTTP Request1","workflowId":"sS8bK4rchfh3nldx","workflowName":"Security first workflow","nodeType":"n8n-nodes-base.httpRequest"}}
{"__type":"$$EventMessageConfirm","confirm":"e07ee5c8-80f5-4c73-9518-e43aa346e4af","ts":"2025-10-14T05:37:49.719-04:00","source":{"id":"0","name":"eventBus"}}
{"__type":"$$EventMessageWorkflow","id":"571ecf2f-04db-4177-945e-8c9b993adcdf","ts":"2025-10-14T05:37:49.792-04:00","eventName":"n8n.workflow.failed","message":"n8n.workflow.failed","payload":{"executionId":"12","success":false,"userId":"03ea7435-0792-4aed-a03e-479e7f445b27","workflowId":"sS8bK4rchfh3nldx","isManual":true,"workflowName":"Security first workflow","lastNodeExecuted":"HTTP Request1","errorNodeType":"n8n-nodes-base.httpRequest","errorNodeId":"5","errorMessage":"The service refused the connection - perhaps it is offline"}}
{"__type":"$$EventMessageConfirm","confirm":"571ecf2f-04db-4177-945e-8c9b993adcdf","ts":"2025-10-14T05:37:49.792-04:00","source":{"id":"0","name":"eventBus"}}
{"__type":"$$EventMessageAudit","id":"060db706-7487-413d-8013-1037fe9f786a","ts":"2025-10-14T08:28:44.849-04:00","eventName":"n8n.audit.user.api.created","message":"n8n.audit.user.api.created","payload":{"userId":"03ea7435-0792-4aed-a03e-479e7f445b27","_email":"tpdigitalconsulting@gmail.com","_firstName":"Tony","_lastName":"Pitwood","globalRole":"global:owner"}}
{"__type":"$$EventMessageConfirm","confirm":"060db706-7487-413d-8013-1037fe9f786a","ts":"2025-10-14T08:28:44.849-04:00","source":{"id":"0","name":"eventBus"}}
{"__type":"$$EventMessageNode","id":"d094d2bd-e129-44a0-b137-86d10789060c","ts":"2025-10-14T08:31:20.005-04:00","eventName":"n8n.node.started","message":"n8n.node.started","payload":{"executionId":"13","nodeName":"Comment Input","workflowId":"sS8bK4rchfh3nldx","workflowName":"Security first workflow","nodeType":"n8n-nodes-base.set"}}
{"__type":"$$EventMessageConfirm","confirm":"d094d2bd-e129-44a0-b137-86d10789060c","ts":"2025-10-14T08:31:20.005-04:00","source":{"id":"0","name":"eventBus"}}
{"__type":"$$EventMessageWorkflow","id":"84ae4540-699e-4275-be7e-b735230feb07","ts":"2025-10-14T08:31:20.007-04:00","eventName":"n8n.workflow.started","message":"n8n.workflow.started","payload":{"executionId":"13","isManual":false}}
{"__type":"$$EventMessageConfirm","confirm":"84ae4540-699e-4275-be7e-b735230feb07","ts":"2025-10-14T08:31:20.007-04:00","source":{"id":"0","name":"eventBus"}}
{"__type":"$$EventMessageNode","id":"d25218b7-aadb-4b95-99f8-28110ef9599b","ts":"2025-10-14T08:31:20.026-04:00","eventName":"n8n.node.finished","message":"n8n.node.finished","payload":{"executionId":"13","nodeName":"Comment Input","workflowId":"sS8bK4rchfh3nldx","workflowName":"Security first workflow","nodeType":"n8n-nodes-base.set"}}
{"__type":"$$EventMessageConfirm","confirm":"d25218b7-aadb-4b95-99f8-28110ef9599b","ts":"2025-10-14T08:31:20.026-04:00","source":{"id":"0","name":"eventBus"}}
{"__type":"$$EventMessageNode","id":"c330639e-1376-4716-80f4-9b900c944b18","ts":"2025-10-14T08:31:20.027-04:00","eventName":"n8n.node.started","message":"n8n.node.started","payload":{"executionId":"13","nodeName":"HTTP Request1","workflowId":"sS8bK4rchfh3nldx","workflowName":"Security first workflow","nodeType":"n8n-nodes-base.httpRequest"}}
{"__type":"$$EventMessageConfirm","confirm":"c330639e-1376-4716-80f4-9b900c944b18","ts":"2025-10-14T08:31:20.027-04:00","source":{"id":"0","name":"eventBus"}}
{"__type":"$$EventMessageNode","id":"af6e3f89-634f-4966-b80f-eeb0b59156b3","ts":"2025-10-14T08:31:20.037-04:00","eventName":"n8n.node.finished","message":"n8n.node.finished","payload":{"executionId":"13","nodeName":"HTTP Request1","workflowId":"sS8bK4rchfh3nldx","workflowName":"Security first workflow","nodeType":"n8n-nodes-base.httpRequest"}}
{"__type":"$$EventMessageConfirm","confirm":"af6e3f89-634f-4966-b80f-eeb0b59156b3","ts":"2025-10-14T08:31:20.037-04:00","source":{"id":"0","name":"eventBus"}}
{"__type":"$$EventMessageWorkflow","id":"6f6c5208-ce05-4366-8682-c84f6b1599e0","ts":"2025-10-14T08:31:20.230-04:00","eventName":"n8n.workflow.failed","message":"n8n.workflow.failed","payload":{"executionId":"13","success":false,"userId":"03ea7435-0792-4aed-a03e-479e7f445b27","workflowId":"sS8bK4rchfh3nldx","isManual":true,"workflowName":"Security first workflow","lastNodeExecuted":"HTTP Request1","errorNodeType":"n8n-nodes-base.httpRequest","errorNodeId":"5","errorMessage":"The service refused the connection - perhaps it is offline"}}
{"__type":"$$EventMessageConfirm","confirm":"6f6c5208-ce05-4366-8682-c84f6b1599e0","ts":"2025-10-14T08:31:20.231-04:00","source":{"id":"0","name":"eventBus"}}
{"__type":"$$EventMessageNode","id":"c7e0ffae-7a9a-44f1-ae9c-06ba2ccb2776","ts":"2025-10-14T08:33:10.708-04:00","eventName":"n8n.node.started","message":"n8n.node.started","payload":{"executionId":"14","nodeName":"HTTP Request1","workflowId":"sS8bK4rchfh3nldx","workflowName":"Security first workflow","nodeType":"n8n-nodes-base.httpRequest"}}
{"__type":"$$EventMessageConfirm","confirm":"c7e0ffae-7a9a-44f1-ae9c-06ba2ccb2776","ts":"2025-10-14T08:33:10.708-04:00","source":{"id":"0","name":"eventBus"}}
{"__type":"$$EventMessageWorkflow","id":"838b3b3b-1b71-4f35-9934-db28f0d17c43","ts":"2025-10-14T08:33:10.709-04:00","eventName":"n8n.workflow.started","message":"n8n.workflow.started","payload":{"executionId":"14","isManual":false}}
{"__type":"$$EventMessageConfirm","confirm":"838b3b3b-1b71-4f35-9934-db28f0d17c43","ts":"2025-10-14T08:33:10.709-04:00","source":{"id":"0","name":"eventBus"}}
{"__type":"$$EventMessageNode","id":"4f9e899c-1ae2-4a19-a944-2bb3c4e671b9","ts":"2025-10-14T08:33:10.726-04:00","eventName":"n8n.node.finished","message":"n8n.node.finished","payload":{"executionId":"14","nodeName":"HTTP Request1","workflowId":"sS8bK4rchfh3nldx","workflowName":"Security first workflow","nodeType":"n8n-nodes-base.httpRequest"}}
{"__type":"$$EventMessageConfirm","confirm":"4f9e899c-1ae2-4a19-a944-2bb3c4e671b9","ts":"2025-10-14T08:33:10.727-04:00","source":{"id":"0","name":"eventBus"}}
{"__type":"$$EventMessageWorkflow","id":"21bde0d2-387b-4f7d-ad87-54fdd729b3de","ts":"2025-10-14T08:33:10.815-04:00","eventName":"n8n.workflow.failed","message":"n8n.workflow.failed","payload":{"executionId":"14","success":false,"userId":"03ea7435-0792-4aed-a03e-479e7f445b27","workflowId":"sS8bK4rchfh3nldx","isManual":true,"workflowName":"Security first workflow","lastNodeExecuted":"HTTP Request1","errorNodeType":"n8n-nodes-base.httpRequest","errorNodeId":"5","errorMessage":"The service refused the connection - perhaps it is offline"}}
{"__type":"$$EventMessageConfirm","confirm":"21bde0d2-387b-4f7d-ad87-54fdd729b3de","ts":"2025-10-14T08:33:10.816-04:00","source":{"id":"0","name":"eventBus"}}
{"__type":"$$EventMessageNode","id":"d44f3e76-8c70-46eb-8e56-b372c732d80f","ts":"2025-10-14T08:37:01.954-04:00","eventName":"n8n.node.started","message":"n8n.node.started","payload":{"executionId":"15","nodeName":"HTTP Request1","workflowId":"sS8bK4rchfh3nldx","workflowName":"Security first workflow","nodeType":"n8n-nodes-base.httpRequest"}}
{"__type":"$$EventMessageConfirm","confirm":"d44f3e76-8c70-46eb-8e56-b372c732d80f","ts":"2025-10-14T08:37:01.954-04:00","source":{"id":"0","name":"eventBus"}}
{"__type":"$$EventMessageWorkflow","id":"793f50f1-af3a-461b-bebb-ec7ee1db68c0","ts":"2025-10-14T08:37:01.955-04:00","eventName":"n8n.workflow.started","message":"n8n.workflow.started","payload":{"executionId":"15","isManual":false}}
{"__type":"$$EventMessageConfirm","confirm":"793f50f1-af3a-461b-bebb-ec7ee1db68c0","ts":"2025-10-14T08:37:01.955-04:00","source":{"id":"0","name":"eventBus"}}
{"__type":"$$EventMessageNode","id":"8376e62c-358f-4597-8088-80eda72f6eb2","ts":"2025-10-14T08:37:01.984-04:00","eventName":"n8n.node.finished","message":"n8n.node.finished","payload":{"executionId":"15","nodeName":"HTTP Request1","workflowId":"sS8bK4rchfh3nldx","workflowName":"Security first workflow","nodeType":"n8n-nodes-base.httpRequest"}}
{"__type":"$$EventMessageConfirm","confirm":"8376e62c-358f-4597-8088-80eda72f6eb2","ts":"2025-10-14T08:37:01.985-04:00","source":{"id":"0","name":"eventBus"}}
{"__type":"$$EventMessageWorkflow","id":"2b05dd87-125b-444b-9cee-446baa8448f9","ts":"2025-10-14T08:37:02.084-04:00","eventName":"n8n.workflow.failed","message":"n8n.workflow.failed","payload":{"executionId":"15","success":false,"userId":"03ea7435-0792-4aed-a03e-479e7f445b27","workflowId":"sS8bK4rchfh3nldx","isManual":true,"workflowName":"Security first workflow","lastNodeExecuted":"HTTP Request1","errorNodeType":"n8n-nodes-base.httpRequest","errorNodeId":"5","errorMessage":"The service refused the connection - perhaps it is offline"}}
{"__type":"$$EventMessageConfirm","confirm":"2b05dd87-125b-444b-9cee-446baa8448f9","ts":"2025-10-14T08:37:02.085-04:00","source":{"id":"0","name":"eventBus"}}
{"__type":"$$EventMessageAudit","id":"c6181bae-d176-486b-adb6-cd7c142c7aaf","ts":"2025-10-14T09:23:41.084-04:00","eventName":"n8n.audit.user.api.deleted","message":"n8n.audit.user.api.deleted","payload":{"userId":"03ea7435-0792-4aed-a03e-479e7f445b27","_email":"tpdigitalconsulting@gmail.com","_firstName":"Tony","_lastName":"Pitwood","globalRole":"global:owner"}}
{"__type":"$$EventMessageConfirm","confirm":"c6181bae-d176-486b-adb6-cd7c142c7aaf","ts":"2025-10-14T09:23:41.091-04:00","source":{"id":"0","name":"eventBus"}}
{"__type":"$$EventMessageAudit","id":"cee28e66-1bb3-4ee8-93ed-40a00688527b","ts":"2025-10-14T09:23:44.649-04:00","eventName":"n8n.audit.user.api.created","message":"n8n.audit.user.api.created","payload":{"userId":"03ea7435-0792-4aed-a03e-479e7f445b27","_email":"tpdigitalconsulting@gmail.com","_firstName":"Tony","_lastName":"Pitwood","globalRole":"global:owner"}}
{"__type":"$$EventMessageConfirm","confirm":"cee28e66-1bb3-4ee8-93ed-40a00688527b","ts":"2025-10-14T09:23:44.649-04:00","source":{"id":"0","name":"eventBus"}}
{"__type":"$$EventMessageNode","id":"7a0d0737-ffc0-48aa-ade8-dbb705d2a3dc","ts":"2025-10-14T09:30:26.856-04:00","eventName":"n8n.node.started","message":"n8n.node.started","payload":{"executionId":"16","nodeName":"HTTP Request1","workflowId":"sS8bK4rchfh3nldx","workflowName":"Security first workflow","nodeType":"n8n-nodes-base.httpRequest"}}
{"__type":"$$EventMessageConfirm","confirm":"7a0d0737-ffc0-48aa-ade8-dbb705d2a3dc","ts":"2025-10-14T09:30:26.857-04:00","source":{"id":"0","name":"eventBus"}}
{"__type":"$$EventMessageWorkflow","id":"bfa3d89f-291c-43ba-ab33-eeb53b7505ef","ts":"2025-10-14T09:30:26.858-04:00","eventName":"n8n.workflow.started","message":"n8n.workflow.started","payload":{"executionId":"16","isManual":false}}
{"__type":"$$EventMessageConfirm","confirm":"bfa3d89f-291c-43ba-ab33-eeb53b7505ef","ts":"2025-10-14T09:30:26.859-04:00","source":{"id":"0","name":"eventBus"}}
{"__type":"$$EventMessageNode","id":"73acafb7-5a8d-4d0e-898e-63539b297d05","ts":"2025-10-14T09:30:26.888-04:00","eventName":"n8n.node.finished","message":"n8n.node.finished","payload":{"executionId":"16","nodeName":"HTTP Request1","workflowId":"sS8bK4rchfh3nldx","workflowName":"Security first workflow","nodeType":"n8n-nodes-base.httpRequest"}}
{"__type":"$$EventMessageConfirm","confirm":"73acafb7-5a8d-4d0e-898e-63539b297d05","ts":"2025-10-14T09:30:26.889-04:00","source":{"id":"0","name":"eventBus"}}
{"__type":"$$EventMessageWorkflow","id":"1755cf7e-9a15-4383-a885-bcafb1444518","ts":"2025-10-14T09:30:26.978-04:00","eventName":"n8n.workflow.failed","message":"n8n.workflow.failed","payload":{"executionId":"16","success":false,"userId":"03ea7435-0792-4aed-a03e-479e7f445b27","workflowId":"sS8bK4rchfh3nldx","isManual":true,"workflowName":"Security first workflow","lastNodeExecuted":"HTTP Request1","errorNodeType":"n8n-nodes-base.httpRequest","errorNodeId":"5","errorMessage":"The service refused the connection - perhaps it is offline"}}
{"__type":"$$EventMessageConfirm","confirm":"1755cf7e-9a15-4383-a885-bcafb1444518","ts":"2025-10-14T09:30:26.978-04:00","source":{"id":"0","name":"eventBus"}}
{"__type":"$$EventMessageAudit","id":"6acdd4fe-0db1-4649-8034-1fdc163381a4","ts":"2025-10-14T09:30:36.472-04:00","eventName":"n8n.audit.workflow.updated","message":"n8n.audit.workflow.updated","payload":{"userId":"03ea7435-0792-4aed-a03e-479e7f445b27","_email":"tpdigitalconsulting@gmail.com","_firstName":"Tony","_lastName":"Pitwood","globalRole":"global:owner","workflowId":"sS8bK4rchfh3nldx","workflowName":"Security first workflow"}}
{"__type":"$$EventMessageConfirm","confirm":"6acdd4fe-0db1-4649-8034-1fdc163381a4","ts":"2025-10-14T09:30:36.472-04:00","source":{"id":"0","name":"eventBus"}}
{"__type":"$$EventMessageAudit","id":"eb7e5b47-c872-44a6-8878-2cdb4152ccd5","ts":"2025-10-14T09:42:05.445-04:00","eventName":"n8n.audit.user.api.deleted","message":"n8n.audit.user.api.deleted","payload":{"userId":"03ea7435-0792-4aed-a03e-479e7f445b27","_email":"tpdigitalconsulting@gmail.com","_firstName":"Tony","_lastName":"Pitwood","globalRole":"global:owner"}}
{"__type":"$$EventMessageConfirm","confirm":"eb7e5b47-c872-44a6-8878-2cdb4152ccd5","ts":"2025-10-14T09:42:05.446-04:00","source":{"id":"0","name":"eventBus"}}
{"__type":"$$EventMessageAudit","id":"88a3988a-8379-4009-b144-9f4b5071ec94","ts":"2025-10-14T09:42:08.352-04:00","eventName":"n8n.audit.user.api.created","message":"n8n.audit.user.api.created","payload":{"userId":"03ea7435-0792-4aed-a03e-479e7f445b27","_email":"tpdigitalconsulting@gmail.com","_firstName":"Tony","_lastName":"Pitwood","globalRole":"global:owner"}}
{"__type":"$$EventMessageConfirm","confirm":"88a3988a-8379-4009-b144-9f4b5071ec94","ts":"2025-10-14T09:42:08.352-04:00","source":{"id":"0","name":"eventBus"}}
